13:28:12 **** Incremental Build of configuration Debug for project apisyslog ****
make -j6 all 
make clean
rm -rf ./apisyslog.d ./apisyslog.o ./syslog2.d ./syslog2.o
make[2]: warning: jobserver unavailable: using -j1.  Add '+' to parent make rule.
rm -rf libapisyslog.so
 
 
Building file: ../apisyslog.c
Building file: ../syslog2.c
Invoking: GCC C Compiler
Invoking: GCC C Compiler
gcc -std=c99 -D__USE_MISC -D_GNU_SOURCE -O0 -g3 -Wall -Wextra -c -fmessage-length=0 -fPIC -pthread -MMD -MP -MF"apisyslog.d" -MT"apisyslog.o" -o "apisyslog.o" "../apisyslog.c"
gcc -std=c99 -D__USE_MISC -D_GNU_SOURCE -O0 -g3 -Wall -Wextra -c -fmessage-length=0 -fPIC -pthread -MMD -MP -MF"syslog2.d" -MT"syslog2.o" -o "syslog2.o" "../syslog2.c"
../apisyslog.c:31:29: fatal error: utilstools_time.h: No such file or directory
 #include "utilstools_time.h"
                             ^
compilation terminated.
make[1]: *** [apisyslog.o] Error 1
make[1]: *** Waiting for unfinished jobs....
subdir.mk:21: recipe for target 'apisyslog.o' failed
../syslog2.c: In function ‘vsyslog_chk’:
../syslog2.c:147:6: warning: unused variable ‘saved_errno’ [-Wunused-variable]
  int saved_errno = errno;
      ^~~~~~~~~~~
../syslog2.c:145:7: warning: unused variable ‘sigpipe’ [-Wunused-variable]
   int sigpipe;
       ^~~~~~~
../syslog2.c:144:28: warning: unused variable ‘oldaction’ [-Wunused-variable]
   struct sigaction action, oldaction;
                            ^~~~~~~~~
../syslog2.c:144:20: warning: unused variable ‘action’ [-Wunused-variable]
   struct sigaction action, oldaction;
                    ^~~~~~
../syslog2.c:137:9: warning: unused variable ‘now’ [-Wunused-variable]
  time_t now;
         ^~~
../syslog2.c:136:12: warning: unused variable ‘now_tm’ [-Wunused-variable]
  struct tm now_tm;
            ^~~~~~
../syslog2.c:133:31: warning: unused parameter ‘flag’ [-Wunused-parameter]
 void vsyslog_chk(int pri, int flag, const char *fmt, va_list ap)
                               ^~~~
../syslog2.c:133:49: warning: unused parameter ‘fmt’ [-Wunused-parameter]
 void vsyslog_chk(int pri, int flag, const char *fmt, va_list ap)
                                                 ^~~
../syslog2.c:133:62: warning: unused parameter ‘ap’ [-Wunused-parameter]
 void vsyslog_chk(int pri, int flag, const char *fmt, va_list ap)
                                                              ^~
Finished building: ../syslog2.c
 
make: *** [all] Error 2
makefile:35: recipe for target 'all' failed
"make -j6 all" terminated with exit code 2. Build might be incomplete.

13:28:13 Build Failed. 6 errors, 9 warnings. (took 467ms)

