10:46:43 **** Build of configuration Debug for project syslog2 ****
make all 
Building file: ../src/main.c
Invoking: GCC C Compiler
gcc -D__USE_MISC -D_GNU_SOURCE -D__USE_GNU -O0 -g3 -Wall -Wextra -c -fmessage-length=0 -pthread -MMD -MP -MF"src/main.d" -MT"src/main.o" -o "src/main.o" "../src/main.c"
../src/main.c: In function ‘main’:
../src/main.c:17:14: warning: unused parameter ‘argc’ [-Wunused-parameter]
 int main(int argc, char **argv)
              ^~~~
../src/main.c:17:27: warning: unused parameter ‘argv’ [-Wunused-parameter]
 int main(int argc, char **argv)
                           ^~~~
Finished building: ../src/main.c
 
Building file: ../src/syslog2.c
Invoking: GCC C Compiler
gcc -D__USE_MISC -D_GNU_SOURCE -D__USE_GNU -O0 -g3 -Wall -Wextra -c -fmessage-length=0 -pthread -MMD -MP -MF"src/syslog2.d" -MT"src/syslog2.o" -o "src/syslog2.o" "../src/syslog2.c"
../src/syslog2.c: In function ‘vsyslog_chk’:
../src/syslog2.c:63:18: warning: implicit declaration of function ‘_IO_ftell’ [-Wimplicit-function-declaration]
 #define ftell(s) _IO_ftell (s)
                  ^
../src/syslog2.c:224:15: note: in expansion of macro ‘ftell’
      msgoff = ftell (hFileStream);
               ^~~~~
../src/syslog2.c:234:42: warning: implicit declaration of function ‘__getpid’ [-Wimplicit-function-declaration]
      fprintf (hFileStream, " %d ", (int) __getpid ());
                                          ^~~~~~~~
../src/syslog2.c:155:6: warning: unused variable ‘saved_errno’ [-Wunused-variable]
  int saved_errno = errno;
      ^~~~~~~~~~~
../src/syslog2.c:153:7: warning: unused variable ‘sigpipe’ [-Wunused-variable]
   int sigpipe;
       ^~~~~~~
../src/syslog2.c:152:28: warning: unused variable ‘oldaction’ [-Wunused-variable]
   struct sigaction action, oldaction;
                            ^~~~~~~~~
../src/syslog2.c:152:20: warning: unused variable ‘action’ [-Wunused-variable]
   struct sigaction action, oldaction;
                    ^~~~~~
../src/syslog2.c:144:12: warning: unused variable ‘now_tm’ [-Wunused-variable]
  struct tm now_tm;
            ^~~~~~
../src/syslog2.c:142:6: warning: variable ‘result’ set but not used [-Wunused-but-set-variable]
  int result = 0;
      ^~~~~~
Finished building: ../src/syslog2.c
 
Building file: ../src/tst_time.c
Invoking: GCC C Compiler
gcc -D__USE_MISC -D_GNU_SOURCE -D__USE_GNU -O0 -g3 -Wall -Wextra -c -fmessage-length=0 -pthread -MMD -MP -MF"src/tst_time.d" -MT"src/tst_time.o" -o "src/tst_time.o" "../src/tst_time.c"
../src/tst_time.c: In function ‘time_dateNano’:
../src/tst_time.c:19:23: warning: unused parameter ‘argc’ [-Wunused-parameter]
 int time_dateNano(int argc, char **argv)
                       ^~~~
../src/tst_time.c:19:36: warning: unused parameter ‘argv’ [-Wunused-parameter]
 int time_dateNano(int argc, char **argv)
                                    ^~~~
Finished building: ../src/tst_time.c
 
Building target: syslog2
Invoking: GCC C Linker
gcc  -o "syslog2"  ./src/main.o ./src/syslog2.o ./src/tst_time.o   
Finished building target: syslog2
 
